<?xml version="1.0" encoding="UTF-8"?>
<testng-results total="1" passed="1" failed="0" skipped="0">
  <reporter-output>
  </reporter-output>
  <suite started-at="2022-01-18T08:54:51Z" name="Default suite" finished-at="2022-01-18T08:56:34Z" duration-ms="102825">
    <groups>
    </groups>
    <test started-at="2022-01-18T08:54:51Z" name="Default test" finished-at="2022-01-18T08:56:34Z" duration-ms="102825">
      <class name="TestCases.TravelAgentHomePage">
        <test-method is-config="true" signature="intialize()[pri:0, instance:TestCases.TravelAgentHomePage@343570b7]" started-at="2022-01-18T14:24:51Z" name="intialize" finished-at="2022-01-18T14:24:54Z" duration-ms="2661" status="PASS">
          <reporter-output>
          </reporter-output>
        </test-method> <!-- intialize -->
        <test-method signature="MainHomePage()[pri:0, instance:TestCases.TravelAgentHomePage@343570b7]" started-at="2022-01-18T14:24:54Z" name="MainHomePage" finished-at="2022-01-18T14:26:34Z" duration-ms="99608" status="PASS">
          <reporter-output>
          </reporter-output>
        </test-method> <!-- MainHomePage -->
        <test-method is-config="true" signature="teardown()[pri:0, instance:TestCases.TravelAgentHomePage@343570b7]" started-at="2022-01-18T14:26:34Z" name="teardown" finished-at="2022-01-18T14:26:34Z" duration-ms="527" status="PASS">
          <reporter-output>
          </reporter-output>
        </test-method> <!-- teardown -->
      </class> <!-- TestCases.TravelAgentHomePage -->
    </test> <!-- Default test -->
  </suite> <!-- Default suite -->
</testng-results>
